2022-12-10 22:14:20,727 - 
2022-12-10 22:14:20,727 - Entering EtlData utility
2022-12-10 22:14:20,727 - Data Storage Object is created.
2022-12-10 22:14:20,733 - YuSheng Chen records <2544> were read from </Users/ysc/Desktop/6861/fall2022py/data/yushengchen_extraction_output_3.csv>
2022-12-10 22:14:20,736 - Data Storage Object is created.
2022-12-10 22:14:20,737 - YuSheng Chen records <0> were written into </Users/ysc/Desktop/6861/fall2022py/data/yushengchen_transformation_output_3.csv>
2022-12-10 22:14:20,737 - Leaving EtlData utility
2022-12-10 22:15:48,060 - 
2022-12-10 22:15:48,060 - Entering EtlData utility
2022-12-10 22:15:48,060 - Data Storage Object is created.
2022-12-10 22:15:48,066 - YuSheng Chen records <2544> were read from </Users/ysc/Desktop/6861/fall2022py/data/yushengchen_extraction_output_3.csv>
2022-12-10 22:15:48,070 - Data Storage Object is created.
2022-12-10 22:15:48,071 - YuSheng Chen records <0> were written into </Users/ysc/Desktop/6861/fall2022py/data/yushengchen_transformation_output_4.csv>
2022-12-10 22:15:48,071 - Leaving EtlData utility
2022-12-10 22:16:18,224 - 
2022-12-10 22:16:18,224 - Entering EtlData utility
2022-12-10 22:16:18,224 - Data Storage Object is created.
2022-12-10 22:16:18,230 - YuSheng Chen records <2544> were read from </Users/ysc/Desktop/6861/fall2022py/data/yushengchen_extraction_output_3.csv>
2022-12-10 22:16:18,308 - Data Storage Object is created.
2022-12-10 22:16:18,310 - YuSheng Chen records <50> were written into </Users/ysc/Desktop/6861/fall2022py/data/yushengchen_transformation_output_1.csv>
2022-12-10 22:16:18,310 - Leaving EtlData utility
2022-12-10 22:20:16,076 - -------------------------------------------------
2022-12-10 22:20:16,076 - Entering EtlData utility
2022-12-10 22:20:16,076 - Data Storage Object is created.
2022-12-10 22:20:16,076 - Provided file path is invalid: </Users/ysc/Desktop/6861/fall2022py/data/yushengchen_extraction_output_3.csv>
2022-12-10 22:20:16,076 - Leaving EtlData utility incomplete with errors
2022-12-10 22:20:42,009 - -------------------------------------------------
2022-12-10 22:20:42,009 - Entering EtlData utility
2022-12-10 22:20:42,009 - Data Storage Object is created.
2022-12-10 22:20:42,015 - YuSheng Chen records <2544> were read from <data/yushengchen_extraction_input.csv>
2022-12-10 22:20:42,019 - Data Storage Object is created.
2022-12-10 22:20:43,244 - YuSheng Chen records <7829> were read from <data/yushengchen_extraction_mapping.xlsx>
2022-12-10 22:20:43,254 - Leaving EtlData utility incomplete with errors
2022-12-10 22:23:25,844 - -------------------------------------------------
2022-12-10 22:23:25,844 - Entering EtlData utility
2022-12-10 22:23:25,844 - Data Storage Object is created.
2022-12-10 22:23:25,850 - YuSheng Chen records <2544> were read from <data/yushengchen_extraction_input.csv>
2022-12-10 22:23:25,853 - Data Storage Object is created.
2022-12-10 22:23:27,038 - YuSheng Chen records <7829> were read from <data/yushengchen_extraction_mapping.xlsx>
2022-12-10 22:23:27,047 - Data Storage Object is created.
2022-12-10 22:23:27,056 - YuSheng Chen records <2544> were written into <data/yushengchen_extraction_output.csv>
2022-12-10 22:23:27,056 - Leaving EtlData utility
2022-12-10 22:25:01,998 - -------------------------------------------------
2022-12-10 22:25:01,998 - Entering EtlData utility
2022-12-10 22:25:01,998 - Data Storage Object is created.
2022-12-10 22:25:02,004 - YuSheng Chen records <2544> were read from <data/yushengchen_extraction_input.csv>
2022-12-10 22:25:02,007 - Data Storage Object is created.
2022-12-10 22:25:03,220 - YuSheng Chen records <7829> were read from <data/yushengchen_extraction_mapping.xlsx>
2022-12-10 22:25:03,229 - Data Storage Object is created.
2022-12-10 22:25:03,239 - YuSheng Chen records <2544> were written into <data/yushengchen_extraction_output.csv>
2022-12-10 22:25:03,239 - Leaving EtlData utility
2022-12-10 22:25:29,314 - -------------------------------------------------
2022-12-10 22:25:29,314 - Entering EtlData utility
2022-12-10 22:25:29,314 - Data Storage Object is created.
2022-12-10 22:25:29,320 - YuSheng Chen records <2544> were read from <data/yushengchen_extraction_output.csv>
2022-12-10 22:25:29,396 - Data Storage Object is created.
2022-12-10 22:25:29,399 - YuSheng Chen records <50> were written into <data/yushengchen_transformation_output_test_test.csv>
2022-12-10 22:25:29,399 - Leaving EtlData utility
